[1016/190608.315:ERROR:directory_reader_win.cc(43)] FindFirstFile: The system cannot find the path specified. (0x3)
[1017/131558.592:ERROR:directory_reader_win.cc(43)] FindFirstFile: The system cannot find the path specified. (0x3)
[1017/144337.636:ERROR:process_reader_win.cc(123)] NtOpenThread: {Access Denied} A process has requested access to an object, but has not been granted those access rights. (0xc0000022)
[1017/144337.966:ERROR:exception_snapshot_win.cc(99)] thread ID 8512 not found in process
[1017/153511.357:ERROR:process_reader_win.cc(151)] SuspendThread: Access is denied. (0x5)
[1017/153511.382:ERROR:process_reader_win.cc(151)] SuspendThread: Access is denied. (0x5)
[1017/153511.383:ERROR:process_reader_win.cc(151)] SuspendThread: Access is denied. (0x5)
[1017/153511.361:ERROR:process_reader_win.cc(123)] NtOpenThread: {Access Denied} A process has requested access to an object, but has not been granted those access rights. (0xc0000022)
[1017/153514.935:ERROR:exception_snapshot_win.cc(99)] thread ID 17788 not found in process
[1017/153514.935:ERROR:process_reader_win.cc(123)] NtOpenThread: {Access Denied} A process has requested access to an object, but has not been granted those access rights. (0xc0000022)
[1017/153514.935:ERROR:exception_snapshot_win.cc(99)] thread ID 11372 not found in process
[1017/154521.153:ERROR:directory_reader_win.cc(43)] FindFirstFile: The system cannot find the path specified. (0x3)
[1018/124402.225:ERROR:directory_reader_win.cc(43)] FindFirstFile: The system cannot find the path specified. (0x3)
[1018/133010.629:ERROR:directory_reader_win.cc(43)] FindFirstFile: The system cannot find the path specified. (0x3)
[1018/134805.710:ERROR:directory_reader_win.cc(43)] FindFirstFile: The system cannot find the path specified. (0x3)
[1018/134931.073:ERROR:filesystem_win.cc(129)] GetFileAttributes C:\Users\SNEHAN~1\AppData\Local\Temp\scoped_dir13568_960935620\Crashpad\attachments\1ee42cfa-113b-4d8e-9c46-e1d97692ce8f: The system cannot find the path specified. (0x3)
[1018/135536.895:ERROR:directory_reader_win.cc(43)] FindFirstFile: The system cannot find the path specified. (0x3)
[1018/143729.186:ERROR:directory_reader_win.cc(43)] FindFirstFile: The system cannot find the path specified. (0x3)
[1018/162429.213:ERROR:directory_reader_win.cc(43)] FindFirstFile: The system cannot find the path specified. (0x3)
[1018/162638.210:ERROR:process_reader_win.cc(123)] NtOpenThread: {Access Denied} A process has requested access to an object, but has not been granted those access rights. (0xc0000022)
[1018/162638.220:ERROR:exception_snapshot_win.cc(99)] thread ID 19160 not found in process
[1018/164637.867:ERROR:directory_reader_win.cc(43)] FindFirstFile: The system cannot find the path specified. (0x3)
[1018/165922.975:ERROR:directory_reader_win.cc(43)] FindFirstFile: The system cannot find the path specified. (0x3)
[1018/171841.162:ERROR:directory_reader_win.cc(43)] FindFirstFile: The system cannot find the path specified. (0x3)
[1018/172558.392:ERROR:process_reader_win.cc(123)] NtOpenThread: {Access Denied} A process has requested access to an object, but has not been granted those access rights. (0xc0000022)
[1018/172558.393:ERROR:exception_snapshot_win.cc(99)] thread ID 19336 not found in process
[1019/125356.333:ERROR:directory_reader_win.cc(43)] FindFirstFile: The system cannot find the path specified. (0x3)
[1019/131155.162:ERROR:directory_reader_win.cc(43)] FindFirstFile: The system cannot find the path specified. (0x3)
[1019/133511.095:ERROR:directory_reader_win.cc(43)] FindFirstFile: The system cannot find the path specified. (0x3)
[1020/022206.890:ERROR:directory_reader_win.cc(43)] FindFirstFile: The system cannot find the path specified. (0x3)
[1020/030856.845:ERROR:directory_reader_win.cc(43)] FindFirstFile: The system cannot find the path specified. (0x3)
[1021/105946.182:ERROR:directory_reader_win.cc(43)] FindFirstFile: The system cannot find the path specified. (0x3)
[1021/111632.173:ERROR:directory_reader_win.cc(43)] FindFirstFile: The system cannot find the path specified. (0x3)
[1021/113829.862:ERROR:directory_reader_win.cc(43)] FindFirstFile: The system cannot find the path specified. (0x3)
[1021/142705.878:ERROR:process_reader_win.cc(123)] NtOpenThread: {Access Denied} A process has requested access to an object, but has not been granted those access rights. (0xc0000022)
[1021/142705.866:ERROR:process_reader_win.cc(123)] NtOpenThread: {Access Denied} A process has requested access to an object, but has not been granted those access rights. (0xc0000022)
[1021/142705.925:ERROR:exception_snapshot_win.cc(99)] thread ID 16900 not found in process
[1021/142705.925:ERROR:exception_snapshot_win.cc(99)] thread ID 14572 not found in process
[1021/144243.557:ERROR:directory_reader_win.cc(43)] FindFirstFile: The system cannot find the path specified. (0x3)
[1021/144510.171:ERROR:process_reader_win.cc(123)] NtOpenThread: {Access Denied} A process has requested access to an object, but has not been granted those access rights. (0xc0000022)
[1021/144510.172:ERROR:exception_snapshot_win.cc(99)] thread ID 16632 not found in process
[1021/144510.192:ERROR:process_reader_win.cc(123)] NtOpenThread: {Access Denied} A process has requested access to an object, but has not been granted those access rights. (0xc0000022)
[1021/144510.192:ERROR:exception_snapshot_win.cc(99)] thread ID 15100 not found in process
[1021/145412.042:ERROR:process_reader_win.cc(123)] NtOpenThread: {Access Denied} A process has requested access to an object, but has not been granted those access rights. (0xc0000022)
[1021/145412.043:ERROR:exception_snapshot_win.cc(99)] thread ID 17608 not found in process
[1021/145412.073:ERROR:process_reader_win.cc(123)] NtOpenThread: {Access Denied} A process has requested access to an object, but has not been granted those access rights. (0xc0000022)
[1021/145412.073:ERROR:exception_snapshot_win.cc(99)] thread ID 7976 not found in process
[1021/150520.725:ERROR:directory_reader_win.cc(43)] FindFirstFile: The system cannot find the path specified. (0x3)
[1021/151158.074:ERROR:process_reader_win.cc(123)] NtOpenThread: {Access Denied} A process has requested access to an object, but has not been granted those access rights. (0xc0000022)
[1021/151158.075:ERROR:exception_snapshot_win.cc(99)] thread ID 15408 not found in process
[1021/151158.097:ERROR:process_reader_win.cc(123)] NtOpenThread: {Access Denied} A process has requested access to an object, but has not been granted those access rights. (0xc0000022)
[1021/151158.097:ERROR:exception_snapshot_win.cc(99)] thread ID 14164 not found in process
[1021/152606.808:ERROR:process_reader_win.cc(123)] NtOpenThread: {Access Denied} A process has requested access to an object, but has not been granted those access rights. (0xc0000022)
[1021/152606.812:ERROR:exception_snapshot_win.cc(99)] thread ID 15020 not found in process
[1021/152606.844:ERROR:process_reader_win.cc(123)] NtOpenThread: {Access Denied} A process has requested access to an object, but has not been granted those access rights. (0xc0000022)
[1021/152606.844:ERROR:exception_snapshot_win.cc(99)] thread ID 14636 not found in process
[1021/154811.175:ERROR:process_reader_win.cc(123)] NtOpenThread: {Access Denied} A process has requested access to an object, but has not been granted those access rights. (0xc0000022)
[1021/154811.177:ERROR:exception_snapshot_win.cc(99)] thread ID 15364 not found in process
[1021/154811.209:ERROR:process_reader_win.cc(123)] NtOpenThread: {Access Denied} A process has requested access to an object, but has not been granted those access rights. (0xc0000022)
[1021/154811.209:ERROR:exception_snapshot_win.cc(99)] thread ID 14176 not found in process
[1021/161750.168:ERROR:directory_reader_win.cc(43)] FindFirstFile: The system cannot find the path specified. (0x3)
[1021/163625.252:ERROR:directory_reader_win.cc(43)] FindFirstFile: The system cannot find the path specified. (0x3)
[1021/164528.136:ERROR:process_reader_win.cc(123)] NtOpenThread: {Access Denied} A process has requested access to an object, but has not been granted those access rights. (0xc0000022)
[1021/164528.139:ERROR:exception_snapshot_win.cc(99)] thread ID 9428 not found in process
[1021/164528.131:ERROR:process_reader_win.cc(123)] NtOpenThread: {Access Denied} A process has requested access to an object, but has not been granted those access rights. (0xc0000022)
[1021/164528.147:ERROR:exception_snapshot_win.cc(99)] thread ID 1136 not found in process
[1021/164528.178:ERROR:process_reader_win.cc(123)] NtOpenThread: {Access Denied} A process has requested access to an object, but has not been granted those access rights. (0xc0000022)
[1021/164528.179:ERROR:exception_snapshot_win.cc(99)] thread ID 16628 not found in process
[1021/164528.220:ERROR:process_reader_win.cc(123)] NtOpenThread: {Access Denied} A process has requested access to an object, but has not been granted those access rights. (0xc0000022)
[1021/164528.220:ERROR:exception_snapshot_win.cc(99)] thread ID 17760 not found in process
[1021/164528.225:ERROR:process_reader_win.cc(123)] NtOpenThread: {Access Denied} A process has requested access to an object, but has not been granted those access rights. (0xc0000022)
[1021/164528.225:ERROR:exception_snapshot_win.cc(99)] thread ID 17212 not found in process
[1021/165151.902:ERROR:process_reader_win.cc(123)] NtOpenThread: {Access Denied} A process has requested access to an object, but has not been granted those access rights. (0xc0000022)
[1021/165151.904:ERROR:exception_snapshot_win.cc(99)] thread ID 16344 not found in process
[1021/165151.939:ERROR:process_reader_win.cc(123)] NtOpenThread: {Access Denied} A process has requested access to an object, but has not been granted those access rights. (0xc0000022)
[1021/165151.939:ERROR:exception_snapshot_win.cc(99)] thread ID 11272 not found in process
[1021/170641.939:ERROR:directory_reader_win.cc(43)] FindFirstFile: The system cannot find the path specified. (0x3)
[1021/175001.604:ERROR:directory_reader_win.cc(43)] FindFirstFile: The system cannot find the path specified. (0x3)
[1021/184716.614:ERROR:process_reader_win.cc(123)] NtOpenThread: {Access Denied} A process has requested access to an object, but has not been granted those access rights. (0xc0000022)
[1021/184716.615:ERROR:exception_snapshot_win.cc(99)] thread ID 20256 not found in process
[1021/184716.670:ERROR:process_reader_win.cc(123)] NtOpenThread: {Access Denied} A process has requested access to an object, but has not been granted those access rights. (0xc0000022)
[1021/184716.678:ERROR:exception_snapshot_win.cc(99)] thread ID 19944 not found in process
[1021/184716.685:ERROR:process_reader_win.cc(151)] SuspendThread: Access is denied. (0x5)
[1021/184716.686:ERROR:process_reader_win.cc(151)] SuspendThread: Access is denied. (0x5)
[1021/184716.686:ERROR:process_reader_win.cc(123)] NtOpenThread: {Access Denied} A process has requested access to an object, but has not been granted those access rights. (0xc0000022)
[1021/184716.686:ERROR:exception_snapshot_win.cc(99)] thread ID 5360 not found in process
[1021/184716.719:ERROR:process_reader_win.cc(151)] SuspendThread: Access is denied. (0x5)
[1021/184716.719:ERROR:process_reader_win.cc(123)] NtOpenThread: {Access Denied} A process has requested access to an object, but has not been granted those access rights. (0xc0000022)
[1021/184716.720:ERROR:exception_snapshot_win.cc(99)] thread ID 18384 not found in process
[1021/191056.277:ERROR:directory_reader_win.cc(43)] FindFirstFile: The system cannot find the path specified. (0x3)
[1022/103641.743:ERROR:directory_reader_win.cc(43)] FindFirstFile: The system cannot find the path specified. (0x3)
[1022/111005.091:ERROR:process_reader_win.cc(123)] NtOpenThread: {Access Denied} A process has requested access to an object, but has not been granted those access rights. (0xc0000022)
[1022/111005.099:ERROR:exception_snapshot_win.cc(99)] thread ID 16240 not found in process
[1022/111005.141:ERROR:process_reader_win.cc(123)] NtOpenThread: {Access Denied} A process has requested access to an object, but has not been granted those access rights. (0xc0000022)
[1022/111005.141:ERROR:exception_snapshot_win.cc(99)] thread ID 17312 not found in process
[1022/115124.386:ERROR:directory_reader_win.cc(43)] FindFirstFile: The system cannot find the path specified. (0x3)
[1022/120620.947:ERROR:directory_reader_win.cc(43)] FindFirstFile: The system cannot find the path specified. (0x3)
[1022/123408.551:ERROR:directory_reader_win.cc(43)] FindFirstFile: The system cannot find the path specified. (0x3)
[1022/123708.838:ERROR:directory_reader_win.cc(43)] FindFirstFile: The system cannot find the path specified. (0x3)
[1022/125309.351:ERROR:directory_reader_win.cc(43)] FindFirstFile: The system cannot find the path specified. (0x3)
[1023/125123.561:ERROR:directory_reader_win.cc(43)] FindFirstFile: The system cannot find the path specified. (0x3)
[1023/135234.536:ERROR:directory_reader_win.cc(43)] FindFirstFile: The system cannot find the path specified. (0x3)
[1023/140910.057:ERROR:directory_reader_win.cc(43)] FindFirstFile: The system cannot find the path specified. (0x3)
[1023/151926.023:ERROR:directory_reader_win.cc(43)] FindFirstFile: The system cannot find the path specified. (0x3)
[1023/154348.466:ERROR:directory_reader_win.cc(43)] FindFirstFile: The system cannot find the path specified. (0x3)
[1023/170115.617:ERROR:directory_reader_win.cc(43)] FindFirstFile: The system cannot find the path specified. (0x3)
[1023/171621.497:ERROR:directory_reader_win.cc(43)] FindFirstFile: The system cannot find the path specified. (0x3)
[1023/172616.962:ERROR:directory_reader_win.cc(43)] FindFirstFile: The system cannot find the path specified. (0x3)
[1023/182524.403:ERROR:directory_reader_win.cc(43)] FindFirstFile: The system cannot find the path specified. (0x3)
[1023/230046.338:ERROR:directory_reader_win.cc(43)] FindFirstFile: The system cannot find the path specified. (0x3)
[1023/232031.828:ERROR:directory_reader_win.cc(43)] FindFirstFile: The system cannot find the path specified. (0x3)
[1023/233430.621:ERROR:directory_reader_win.cc(43)] FindFirstFile: The system cannot find the path specified. (0x3)
